{"level":"info","message":"Master process 11273 starting...","timestamp":"2025-11-29T21:39:23.777Z"}
{"level":"info","message":"Spawning 10 worker processes for concurrent handling","timestamp":"2025-11-29T21:39:23.778Z"}
{"level":"info","message":"Worker 11279 running on http://localhost:3000","timestamp":"2025-11-29T21:39:24.079Z"}
{"level":"info","message":"Worker 11286 running on http://localhost:3000","timestamp":"2025-11-29T21:39:24.098Z"}
{"level":"info","message":"Worker 11285 running on http://localhost:3000","timestamp":"2025-11-29T21:39:24.102Z"}
{"level":"info","message":"Worker 11284 running on http://localhost:3000","timestamp":"2025-11-29T21:39:24.108Z"}
{"level":"info","message":"Worker 11280 running on http://localhost:3000","timestamp":"2025-11-29T21:39:24.106Z"}
{"level":"info","message":"Worker 11283 running on http://localhost:3000","timestamp":"2025-11-29T21:39:24.111Z"}
{"level":"info","message":"Worker 11287 running on http://localhost:3000","timestamp":"2025-11-29T21:39:24.115Z"}
{"level":"info","message":"Worker 11278 running on http://localhost:3000","timestamp":"2025-11-29T21:39:24.117Z"}
{"level":"info","message":"Worker 11282 running on http://localhost:3000","timestamp":"2025-11-29T21:39:24.122Z"}
{"level":"info","message":"Worker 11281 running on http://localhost:3000","timestamp":"2025-11-29T21:39:24.126Z"}
{"level":"info","message":"Worker 11279: GET /api/test from ::1","timestamp":"2025-11-29T21:40:11.318Z"}
{"level":"info","message":"Connected to Redis","timestamp":"2025-11-29T21:40:11.529Z"}
{"level":"info","message":"✅ Allowed | IP: ::1 | Worker PID 11279: 1 req(s) handled by THIS worker | Total in Redis: 1/10","timestamp":"2025-11-29T21:40:11.733Z"}
{"level":"info","message":"Processing request from IP: ::1","timestamp":"2025-11-29T21:40:11.734Z"}
{"level":"info","message":"Worker 11286: GET /api/test from ::1","timestamp":"2025-11-29T21:40:16.433Z"}
{"level":"info","message":"Worker 11280: GET /api/test from ::1","timestamp":"2025-11-29T21:40:16.433Z"}
{"level":"info","message":"Worker 11284: GET /api/test from ::1","timestamp":"2025-11-29T21:40:16.434Z"}
{"level":"info","message":"Worker 11285: GET /api/test from ::1","timestamp":"2025-11-29T21:40:16.434Z"}
{"level":"info","message":"Worker 11283: GET /api/test from ::1","timestamp":"2025-11-29T21:40:16.435Z"}
{"level":"info","message":"Worker 11287: GET /api/test from ::1","timestamp":"2025-11-29T21:40:16.435Z"}
{"level":"info","message":"Worker 11282: GET /api/test from ::1","timestamp":"2025-11-29T21:40:16.435Z"}
{"level":"info","message":"Worker 11278: GET /api/test from ::1","timestamp":"2025-11-29T21:40:16.436Z"}
{"level":"info","message":"Connected to Redis","timestamp":"2025-11-29T21:40:16.494Z"}
{"level":"info","message":"Connected to Redis","timestamp":"2025-11-29T21:40:16.500Z"}
{"level":"info","message":"Connected to Redis","timestamp":"2025-11-29T21:40:16.502Z"}
{"level":"info","message":"Connected to Redis","timestamp":"2025-11-29T21:40:16.504Z"}
{"level":"info","message":"Connected to Redis","timestamp":"2025-11-29T21:40:16.504Z"}
{"level":"info","message":"Connected to Redis","timestamp":"2025-11-29T21:40:16.504Z"}
{"level":"info","message":"Connected to Redis","timestamp":"2025-11-29T21:40:16.504Z"}
{"level":"info","message":"Connected to Redis","timestamp":"2025-11-29T21:40:16.506Z"}
{"level":"info","message":"✅ Allowed | IP: ::1 | Worker PID 11282: 1 req(s) handled by THIS worker | Total in Redis: 2/10","timestamp":"2025-11-29T21:40:16.663Z"}
{"level":"info","message":"Processing request from IP: ::1","timestamp":"2025-11-29T21:40:16.663Z"}
{"level":"info","message":"✅ Allowed | IP: ::1 | Worker PID 11284: 1 req(s) handled by THIS worker | Total in Redis: 2/10","timestamp":"2025-11-29T21:40:16.692Z"}
{"level":"info","message":"✅ Allowed | IP: ::1 | Worker PID 11283: 1 req(s) handled by THIS worker | Total in Redis: 2/10","timestamp":"2025-11-29T21:40:16.692Z"}
{"level":"info","message":"✅ Allowed | IP: ::1 | Worker PID 11287: 1 req(s) handled by THIS worker | Total in Redis: 2/10","timestamp":"2025-11-29T21:40:16.693Z"}
{"level":"info","message":"Processing request from IP: ::1","timestamp":"2025-11-29T21:40:16.692Z"}
{"level":"info","message":"Processing request from IP: ::1","timestamp":"2025-11-29T21:40:16.692Z"}
{"level":"info","message":"✅ Allowed | IP: ::1 | Worker PID 11280: 1 req(s) handled by THIS worker | Total in Redis: 2/10","timestamp":"2025-11-29T21:40:16.696Z"}
{"level":"info","message":"Processing request from IP: ::1","timestamp":"2025-11-29T21:40:16.693Z"}
{"level":"info","message":"Processing request from IP: ::1","timestamp":"2025-11-29T21:40:16.696Z"}
{"level":"info","message":"✅ Allowed | IP: ::1 | Worker PID 11286: 1 req(s) handled by THIS worker | Total in Redis: 2/10","timestamp":"2025-11-29T21:40:16.700Z"}
{"level":"info","message":"✅ Allowed | IP: ::1 | Worker PID 11278: 1 req(s) handled by THIS worker | Total in Redis: 2/10","timestamp":"2025-11-29T21:40:16.701Z"}
{"level":"info","message":"Processing request from IP: ::1","timestamp":"2025-11-29T21:40:16.700Z"}
{"level":"info","message":"Processing request from IP: ::1","timestamp":"2025-11-29T21:40:16.702Z"}
{"level":"info","message":"✅ Allowed | IP: ::1 | Worker PID 11285: 1 req(s) handled by THIS worker | Total in Redis: 2/10","timestamp":"2025-11-29T21:40:16.707Z"}
{"level":"info","message":"Processing request from IP: ::1","timestamp":"2025-11-29T21:40:16.707Z"}
{"level":"info","message":"Worker 11285: GET /api/test from ::1","timestamp":"2025-11-29T21:40:18.712Z"}
{"level":"info","message":"✅ Allowed | IP: ::1 | Worker PID 11285: 2 req(s) handled by THIS worker | Total in Redis: 10/10","timestamp":"2025-11-29T21:40:18.912Z"}
{"level":"info","message":"Processing request from IP: ::1","timestamp":"2025-11-29T21:40:18.912Z"}
{"level":"info","message":"Worker 11285: GET /api/test from ::1","timestamp":"2025-11-29T21:40:19.017Z"}
{"level":"warn","message":"🚫 BLOCKED | IP: ::1 | Worker PID 11285: 3 req(s) handled | Total in Redis: 10/10 - LIMIT EXCEEDED","timestamp":"2025-11-29T21:40:19.074Z"}
{"level":"info","message":"Worker 11285: GET /api/test from ::1","timestamp":"2025-11-29T21:40:19.263Z"}
{"level":"warn","message":"🚫 BLOCKED | IP: ::1 | Worker PID 11285: 4 req(s) handled | Total in Redis: 10/10 - LIMIT EXCEEDED","timestamp":"2025-11-29T21:40:19.320Z"}
{"level":"info","message":"Worker 11285: GET /api/test from ::1","timestamp":"2025-11-29T21:40:19.508Z"}
{"level":"warn","message":"🚫 BLOCKED | IP: ::1 | Worker PID 11285: 5 req(s) handled | Total in Redis: 10/10 - LIMIT EXCEEDED","timestamp":"2025-11-29T21:40:19.565Z"}
{"level":"info","message":"Worker 11285: GET /api/test from ::1","timestamp":"2025-11-29T21:40:19.756Z"}
{"level":"warn","message":"🚫 BLOCKED | IP: ::1 | Worker PID 11285: 6 req(s) handled | Total in Redis: 10/10 - LIMIT EXCEEDED","timestamp":"2025-11-29T21:40:19.816Z"}
{"level":"info","message":"Worker 11285: GET /api/test from ::1","timestamp":"2025-11-29T21:40:20.009Z"}
{"level":"warn","message":"🚫 BLOCKED | IP: ::1 | Worker PID 11285: 7 req(s) handled | Total in Redis: 10/10 - LIMIT EXCEEDED","timestamp":"2025-11-29T21:40:20.066Z"}
{"level":"info","message":"Worker 11285: GET /api/test from ::1","timestamp":"2025-11-29T21:40:20.299Z"}
{"level":"warn","message":"🚫 BLOCKED | IP: ::1 | Worker PID 11285: 8 req(s) handled | Total in Redis: 10/10 - LIMIT EXCEEDED","timestamp":"2025-11-29T21:40:20.380Z"}
{"level":"info","message":"Worker 11285: GET /api/test from ::1","timestamp":"2025-11-29T21:40:20.569Z"}
{"level":"warn","message":"🚫 BLOCKED | IP: ::1 | Worker PID 11285: 9 req(s) handled | Total in Redis: 10/10 - LIMIT EXCEEDED","timestamp":"2025-11-29T21:40:20.627Z"}
{"level":"info","message":"Worker 11285: GET /api/test from ::1","timestamp":"2025-11-29T21:40:20.830Z"}
{"level":"warn","message":"🚫 BLOCKED | IP: ::1 | Worker PID 11285: 10 req(s) handled | Total in Redis: 10/10 - LIMIT EXCEEDED","timestamp":"2025-11-29T21:40:20.888Z"}
{"level":"info","message":"Worker 11285: GET /api/test from ::1","timestamp":"2025-11-29T21:40:21.076Z"}
{"level":"warn","message":"🚫 BLOCKED | IP: ::1 | Worker PID 11285: 11 req(s) handled | Total in Redis: 10/10 - LIMIT EXCEEDED","timestamp":"2025-11-29T21:40:21.132Z"}
{"level":"info","message":"Worker 11285: GET /api/test from ::1","timestamp":"2025-11-29T21:40:21.321Z"}
{"level":"warn","message":"🚫 BLOCKED | IP: ::1 | Worker PID 11285: 12 req(s) handled | Total in Redis: 10/10 - LIMIT EXCEEDED","timestamp":"2025-11-29T21:40:21.385Z"}
{"level":"info","message":"Worker 11285: GET /api/test from ::1","timestamp":"2025-11-29T21:40:21.578Z"}
{"level":"warn","message":"🚫 BLOCKED | IP: ::1 | Worker PID 11285: 13 req(s) handled | Total in Redis: 10/10 - LIMIT EXCEEDED","timestamp":"2025-11-29T21:40:21.635Z"}
{"level":"info","message":"Worker 11285: GET /api/test from ::1","timestamp":"2025-11-29T21:40:21.824Z"}
{"level":"warn","message":"🚫 BLOCKED | IP: ::1 | Worker PID 11285: 14 req(s) handled | Total in Redis: 10/10 - LIMIT EXCEEDED","timestamp":"2025-11-29T21:40:21.880Z"}
{"level":"info","message":"Worker 11285: GET /api/test from ::1","timestamp":"2025-11-29T21:40:22.069Z"}
{"level":"warn","message":"🚫 BLOCKED | IP: ::1 | Worker PID 11285: 15 req(s) handled | Total in Redis: 10/10 - LIMIT EXCEEDED","timestamp":"2025-11-29T21:40:22.126Z"}
{"level":"info","message":"Worker 11285: GET /api/test from ::1","timestamp":"2025-11-29T21:40:22.314Z"}
{"level":"warn","message":"🚫 BLOCKED | IP: ::1 | Worker PID 11285: 16 req(s) handled | Total in Redis: 10/10 - LIMIT EXCEEDED","timestamp":"2025-11-29T21:40:22.370Z"}
